Assembler report for CLOCK24
Sat Feb 10 19:50:02 2024
Quartus Prime Version 23.1std.0 Build 991 11/28/2023 SC Lite Edition


---------------------
; Table of Contents ;
---------------------
  1. Legal Notice
  2. Assembler Summary
  3. Assembler Settings
  4. Assembler Encrypted IP Cores Summary
  5. Assembler Generated Files
  6. Assembler Device Options: CLOCK24.sof
  7. Assembler Device Options: CLOCK24.pof
  8. Assembler Messages



----------------
; Legal Notice ;
----------------
Copyright (C) 2023  Intel Corporation. All rights reserved.
Your use of Intel Corporation's design tools, logic functions 
and other software and tools, and any partner logic 
functions, and any output files from any of the foregoing 
(including device programming or simulation files), and any 
associated documentation or information are expressly subject 
to the terms and conditions of the Intel Program License 
Subscription Agreement, the Intel Quartus Prime License Agreement,
the Intel FPGA IP License Agreement, or other applicable license
agreement, including, without limitation, that your use is for
the sole purpose of programming logic devices manufactured by
Intel and sold by Intel or its authorized distributors.  Please
refer to the applicable agreement for further details, at
https://fpgasoftware.intel.com/eula.



+---------------------------------------------------------------+
; Assembler Summary                                             ;
+-----------------------+---------------------------------------+
; Assembler Status      ; Successful - Sat Feb 10 19:50:02 2024 ;
; Revision Name         ; CLOCK24                               ;
; Top-level Entity Name ; CLOCK24                               ;
; Family                ; Cyclone V                             ;
; Device                ; 5CEBA4F23C7                           ;
+-----------------------+---------------------------------------+


+----------------------------------+
; Assembler Settings               ;
+--------+---------+---------------+
; Option ; Setting ; Default Value ;
+--------+---------+---------------+


+------------------------------------------------+
; Assembler Encrypted IP Cores Summary           ;
+--------+------------------------+--------------+
; Vendor ; IP Core Name           ; License Type ;
+--------+------------------------+--------------+
; Altera ; Signal Tap (6AF7 BCE1) ; Licensed     ;
; Altera ; Signal Tap (6AF7 BCEC) ; Licensed     ;
+--------+------------------------+--------------+


+----------------------------------------------------------------------------+
; Assembler Generated Files                                                  ;
+----------------------------------------------------------------------------+
; File Name                                                                  ;
+----------------------------------------------------------------------------+
; /home/gomadoufu/Documents/intel-fpga-book/clock24/output_files/CLOCK24.sof ;
; /home/gomadoufu/Documents/intel-fpga-book/clock24/output_files/CLOCK24.pof ;
+----------------------------------------------------------------------------+


+---------------------------------------+
; Assembler Device Options: CLOCK24.sof ;
+----------------+----------------------+
; Option         ; Setting              ;
+----------------+----------------------+
; JTAG usercode  ; 0x00781D3E           ;
; Checksum       ; 0x00781D3E           ;
+----------------+----------------------+


+---------------------------------------+
; Assembler Device Options: CLOCK24.pof ;
+--------------------+------------------+
; Option             ; Setting          ;
+--------------------+------------------+
; JTAG usercode      ; 0x00000000       ;
; Checksum           ; 0x7499BC23       ;
; Compression Ratio  ; 3                ;
+--------------------+------------------+


+--------------------+
; Assembler Messages ;
+--------------------+
Info: *******************************************************************
Info: Running Quartus Prime Assembler
    Info: Version 23.1std.0 Build 991 11/28/2023 SC Lite Edition
    Info: Processing started: Sat Feb 10 19:49:54 2024
Info: Command: quartus_asm --read_settings_files=off --write_settings_files=off CLOCK24 -c CLOCK24
Info (125069): Default assignment values were changed in the current version of the Quartus Prime software -- changes to default assignments values are contained in file /home/gomadoufu/intelFPGA_lite/23.1std/quartus/linux64/assignment_defaults.qdf
Warning (18236): Number of processors has not been specified which may cause overloading on shared machines.  Set the global assignment NUM_PARALLEL_PROCESSORS in your QSF to an appropriate value for best performance.
Info (115030): Assembler is generating device programming files
Info: Quartus Prime Assembler was successful. 0 errors, 1 warning
    Info: Peak virtual memory: 501 megabytes
    Info: Processing ended: Sat Feb 10 19:50:02 2024
    Info: Elapsed time: 00:00:08
    Info: Total CPU time (on all processors): 00:00:08


